<?xml version="1.0" encoding="UTF-8"?>
<testsuite name="ru.nsu.primakova.TreeTest" tests="12" skipped="0" failures="0" errors="0" timestamp="2023-10-19T16:43:45" hostname="LAPTOP-T5M5ENBH" time="0.107">
  <properties/>
  <testcase name="TestRemoveB()" classname="ru.nsu.primakova.TreeTest" time="0.054"/>
  <testcase name="TestR1()" classname="ru.nsu.primakova.TreeTest" time="0.003"/>
  <testcase name="TestR2()" classname="ru.nsu.primakova.TreeTest" time="0.002"/>
  <testcase name="TestEquals1()" classname="ru.nsu.primakova.TreeTest" time="0.003"/>
  <testcase name="TestEquals2()" classname="ru.nsu.primakova.TreeTest" time="0.003"/>
  <testcase name="TestA()" classname="ru.nsu.primakova.TreeTest" time="0.002"/>
  <testcase name="TestB()" classname="ru.nsu.primakova.TreeTest" time="0.002"/>
  <testcase name="TestC()" classname="ru.nsu.primakova.TreeTest" time="0.002"/>
  <testcase name="TestD()" classname="ru.nsu.primakova.TreeTest" time="0.002"/>
  <testcase name="TestBFS()" classname="ru.nsu.primakova.TreeTest" time="0.002"/>
  <testcase name="TestDFS()" classname="ru.nsu.primakova.TreeTest" time="0.004"/>
  <testcase name="TestRemoveSubtree()" classname="ru.nsu.primakova.TreeTest" time="0.002"/>
  <system-out><![CDATA[]]></system-out>
  <system-err><![CDATA[]]></system-err>
</testsuite>
