<?xml version="1.0" encoding="UTF-8"?>
<testsuite name="ru.nsu.primakova.HeapsortTest" tests="6" skipped="0" failures="0" errors="0" timestamp="2023-09-16T15:40:50" hostname="LAPTOP-T5M5ENBH" time="0.074">
  <properties/>
  <testcase name="heapsortTest1()" classname="ru.nsu.primakova.HeapsortTest" time="0.05"/>
  <testcase name="heapsortTest2()" classname="ru.nsu.primakova.HeapsortTest" time="0.002"/>
  <testcase name="heapsortTest3()" classname="ru.nsu.primakova.HeapsortTest" time="0.002"/>
  <testcase name="heapsortTest4()" classname="ru.nsu.primakova.HeapsortTest" time="0.002"/>
  <testcase name="heapsortTest5()" classname="ru.nsu.primakova.HeapsortTest" time="0.002"/>
  <testcase name="heapsortTest6()" classname="ru.nsu.primakova.HeapsortTest" time="0.003"/>
  <system-out><![CDATA[]]></system-out>
  <system-err><![CDATA[]]></system-err>
</testsuite>
