<?xml version="1.0" encoding="UTF-8"?>
<testsuite name="ru.nsu.primakova.TestSubstringSearch" tests="2" skipped="0" failures="0" errors="0" timestamp="2023-11-16T05:23:46" hostname="LAPTOP-T5M5ENBH" time="0.076">
  <properties/>
  <testcase name="test_eng()" classname="ru.nsu.primakova.TestSubstringSearch" time="0.067"/>
  <testcase name="test_rus()" classname="ru.nsu.primakova.TestSubstringSearch" time="0.005"/>
  <system-out><![CDATA[]]></system-out>
  <system-err><![CDATA[]]></system-err>
</testsuite>
